


ARM Macro Assembler    Page 1 


    1 00000000         ;/******************************************************
                       ********************//**
    2 00000000         ; * @file     startup_TM4C123.s
    3 00000000         ; * @brief    CMSIS Cortex-M4 Core Device Startup File f
                       or
    4 00000000         ; *           TI Tiva TM4C123 Blizzard Class Device
    5 00000000         ; * @version  V1.00
    6 00000000         ; * @date     15. May 2013
    7 00000000         ; *
    8 00000000         ; * @note
    9 00000000         ; * Copyright (C) 2011 ARM Limited. All rights reserved.
                       
   10 00000000         ; *
   11 00000000         ; * @par
   12 00000000         ; * ARM Limited (ARM) is supplying this software for use
                        with Cortex-M
   13 00000000         ; * processor based microcontrollers.  This file can be 
                       freely distributed
   14 00000000         ; * within development tools that are supporting such AR
                       M based processors.
   15 00000000         ; *
   16 00000000         ; * @par
   17 00000000         ; * THIS SOFTWARE IS PROVIDED "AS IS".  NO WARRANTIES, W
                       HETHER EXPRESS, IMPLIED
   18 00000000         ; * OR STATUTORY, INCLUDING, BUT NOT LIMITED TO, IMPLIED
                        WARRANTIES OF
   19 00000000         ; * MERCHANTABILITY AND FITNESS FOR A PARTICULAR PURPOSE
                        APPLY TO THIS SOFTWARE.
   20 00000000         ; * ARM SHALL NOT, IN ANY CIRCUMSTANCES, BE LIABLE FOR S
                       PECIAL, INCIDENTAL, OR
   21 00000000         ; * CONSEQUENTIAL DAMAGES, FOR ANY REASON WHATSOEVER.
   22 00000000         ; *
   23 00000000         ; ******************************************************
                       ************************/
   24 00000000         ;/*
   25 00000000         ;//-------- <<< Use Configuration Wizard in Context Menu
                        >>> ------------------
   26 00000000         ;*/
   27 00000000         
   28 00000000         ; <h> Stack Configuration
   29 00000000         ;   <o> Stack Size (in Bytes) <0x0-0xFFFFFFFF:8>
   30 00000000         ; </h>
   31 00000000         
   32 00000000 00000200 
                       Stack_Size
                               EQU              0x00000200
   33 00000000         
   34 00000000                 AREA             STACK, NOINIT, READWRITE, ALIGN
=3
   35 00000000         Stack_Mem
                               SPACE            Stack_Size
   36 00000200         __initial_sp
   37 00000200         
   38 00000200         
   39 00000200         ; <h> Heap Configuration
   40 00000200         ;   <o>  Heap Size (in Bytes) <0x0-0xFFFFFFFF:8>
   41 00000200         ; </h>
   42 00000200         
   43 00000200 00000000 



ARM Macro Assembler    Page 2 


                       Heap_Size
                               EQU              0x00000000
   44 00000200         
   45 00000200                 AREA             HEAP, NOINIT, READWRITE, ALIGN=
3
   46 00000000         __heap_base
   47 00000000         Heap_Mem
                               SPACE            Heap_Size
   48 00000000         __heap_limit
   49 00000000         
   50 00000000         
   51 00000000                 PRESERVE8
   52 00000000                 THUMB
   53 00000000         
   54 00000000         
   55 00000000         ; Vector Table Mapped to Address 0 at Reset
   56 00000000         
   57 00000000                 AREA             RESET, DATA, READONLY
   58 00000000                 EXPORT           __Vectors
   59 00000000                 EXPORT           __Vectors_End
   60 00000000                 EXPORT           __Vectors_Size
   61 00000000         
   62 00000000 00000000 
                       __Vectors
                               DCD              __initial_sp ; Top of Stack
   63 00000004 00000000        DCD              Reset_Handler ; Reset Handler
   64 00000008 00000000        DCD              NMI_Handler ; NMI Handler
   65 0000000C 00000000        DCD              HardFault_Handler ; Hard Fault 
                                                            Handler
   66 00000010 00000000        DCD              MemManage_Handler 
                                                            ; MPU Fault Handler
                                                            
   67 00000014 00000000        DCD              BusFault_Handler 
                                                            ; Bus Fault Handler
                                                            
   68 00000018 00000000        DCD              UsageFault_Handler ; Usage Faul
                                                            t Handler
   69 0000001C 00000000        DCD              0           ; Reserved
   70 00000020 00000000        DCD              0           ; Reserved
   71 00000024 00000000        DCD              0           ; Reserved
   72 00000028 00000000        DCD              0           ; Reserved
   73 0000002C 00000000        DCD              SVC_Handler ; SVCall Handler
   74 00000030 00000000        DCD              DebugMon_Handler ; Debug Monito
                                                            r Handler
   75 00000034 00000000        DCD              0           ; Reserved
   76 00000038 00000000        DCD              PendSV_Handler ; PendSV Handler
                                                            
   77 0000003C 00000000        DCD              SysTick_Handler 
                                                            ; SysTick Handler
   78 00000040         
   79 00000040         ; External Interrupts
   80 00000040         
   81 00000040 00000000        DCD              GPIOA_Handler 
                                                            ;   0: GPIO Port A
   82 00000044 00000000        DCD              GPIOB_Handler 
                                                            ;   1: GPIO Port B
   83 00000048 00000000        DCD              GPIOC_Handler 
                                                            ;   2: GPIO Port C
   84 0000004C 00000000        DCD              GPIOD_Handler 



ARM Macro Assembler    Page 3 


                                                            ;   3: GPIO Port D
   85 00000050 00000000        DCD              GPIOE_Handler 
                                                            ;   4: GPIO Port E
   86 00000054 00000000        DCD              UART0_Handler ;   5: UART0 Rx a
                                                            nd Tx
   87 00000058 00000000        DCD              UART1_Handler ;   6: UART1 Rx a
                                                            nd Tx
   88 0000005C 00000000        DCD              SSI0_Handler ;   7: SSI0 Rx and
                                                             Tx
   89 00000060 00000000        DCD              I2C0_Handler ;   8: I2C0 Master
                                                             and Slave
   90 00000064 00000000        DCD              PMW0_FAULT_Handler 
                                                            ;   9: PWM Fault
   91 00000068 00000000        DCD              PWM0_0_Handler ;  10: PWM Gener
                                                            ator 0
   92 0000006C 00000000        DCD              PWM0_1_Handler ;  11: PWM Gener
                                                            ator 1
   93 00000070 00000000        DCD              PWM0_2_Handler ;  12: PWM Gener
                                                            ator 2
   94 00000074 00000000        DCD              QEI0_Handler ;  13: Quadrature 
                                                            Encoder 0
   95 00000078 00000000        DCD              ADC0SS0_Handler ;  14: ADC Sequ
                                                            ence 0
   96 0000007C 00000000        DCD              ADC0SS1_Handler ;  15: ADC Sequ
                                                            ence 1
   97 00000080 00000000        DCD              ADC0SS2_Handler ;  16: ADC Sequ
                                                            ence 2
   98 00000084 00000000        DCD              ADC0SS3_Handler ;  17: ADC Sequ
                                                            ence 3
   99 00000088 00000000        DCD              WDT0_Handler ;  18: Watchdog ti
                                                            mer
  100 0000008C 00000000        DCD              TIMER0A_Handler ;  19: Timer 0 
                                                            subtimer A
  101 00000090 00000000        DCD              TIMER0B_Handler ;  20: Timer 0 
                                                            subtimer B
  102 00000094 00000000        DCD              TIMER1A_Handler ;  21: Timer 1 
                                                            subtimer A
  103 00000098 00000000        DCD              TIMER1B_Handler ;  22: Timer 1 
                                                            subtimer B
  104 0000009C 00000000        DCD              TIMER2A_Handler ;  23: Timer 2 
                                                            subtimer A
  105 000000A0 00000000        DCD              TIMER2B_Handler ;  24: Timer 2 
                                                            subtimer B
  106 000000A4 00000000        DCD              COMP0_Handler ;  25: Analog Com
                                                            parator 0
  107 000000A8 00000000        DCD              COMP1_Handler ;  26: Analog Com
                                                            parator 1
  108 000000AC 00000000        DCD              COMP2_Handler ;  27: Analog Com
                                                            parator 2
  109 000000B0 00000000        DCD              SYSCTL_Handler ;  28: System Co
                                                            ntrol (PLL, OSC, BO
                                                            )
  110 000000B4 00000000        DCD              FLASH_Handler ;  29: FLASH Cont
                                                            rol
  111 000000B8 00000000        DCD              GPIOF_Handler 
                                                            ;  30: GPIO Port F
  112 000000BC 00000000        DCD              GPIOG_Handler 
                                                            ;  31: GPIO Port G
  113 000000C0 00000000        DCD              GPIOH_Handler 



ARM Macro Assembler    Page 4 


                                                            ;  32: GPIO Port H
  114 000000C4 00000000        DCD              UART2_Handler ;  33: UART2 Rx a
                                                            nd Tx
  115 000000C8 00000000        DCD              SSI1_Handler ;  34: SSI1 Rx and
                                                             Tx
  116 000000CC 00000000        DCD              TIMER3A_Handler ;  35: Timer 3 
                                                            subtimer A
  117 000000D0 00000000        DCD              TIMER3B_Handler ;  36: Timer 3 
                                                            subtimer B
  118 000000D4 00000000        DCD              I2C1_Handler ;  37: I2C1 Master
                                                             and Slave
  119 000000D8 00000000        DCD              QEI1_Handler ;  38: Quadrature 
                                                            Encoder 1
  120 000000DC 00000000        DCD              CAN0_Handler ;  39: CAN0
  121 000000E0 00000000        DCD              CAN1_Handler ;  40: CAN1
  122 000000E4 00000000        DCD              CAN2_Handler ;  41: CAN2
  123 000000E8 00000000        DCD              0           ;  42: Reserved
  124 000000EC 00000000        DCD              HIB_Handler ;  43: Hibernate
  125 000000F0 00000000        DCD              USB0_Handler ;  44: USB0
  126 000000F4 00000000        DCD              PWM0_3_Handler ;  45: PWM Gener
                                                            ator 3
  127 000000F8 00000000        DCD              UDMA_Handler ;  46: uDMA Softwa
                                                            re Transfer
  128 000000FC 00000000        DCD              UDMAERR_Handler 
                                                            ;  47: uDMA Error
  129 00000100 00000000        DCD              ADC1SS0_Handler ;  48: ADC1 Seq
                                                            uence 0
  130 00000104 00000000        DCD              ADC1SS1_Handler ;  49: ADC1 Seq
                                                            uence 1
  131 00000108 00000000        DCD              ADC1SS2_Handler ;  50: ADC1 Seq
                                                            uence 2
  132 0000010C 00000000        DCD              ADC1SS3_Handler ;  51: ADC1 Seq
                                                            uence 3
  133 00000110 00000000        DCD              0           ;  52: Reserved
  134 00000114 00000000        DCD              0           ;  53: Reserved
  135 00000118 00000000        DCD              GPIOJ_Handler 
                                                            ;  54: GPIO Port J
  136 0000011C 00000000        DCD              GPIOK_Handler 
                                                            ;  55: GPIO Port K
  137 00000120 00000000        DCD              GPIOL_Handler 
                                                            ;  56: GPIO Port L
  138 00000124 00000000        DCD              SSI2_Handler ;  57: SSI2 Rx and
                                                             Tx
  139 00000128 00000000        DCD              SSI3_Handler ;  58: SSI3 Rx and
                                                             Tx
  140 0000012C 00000000        DCD              UART3_Handler ;  59: UART3 Rx a
                                                            nd Tx
  141 00000130 00000000        DCD              UART4_Handler ;  60: UART4 Rx a
                                                            nd Tx
  142 00000134 00000000        DCD              UART5_Handler ;  61: UART5 Rx a
                                                            nd Tx
  143 00000138 00000000        DCD              UART6_Handler ;  62: UART6 Rx a
                                                            nd Tx
  144 0000013C 00000000        DCD              UART7_Handler ;  63: UART7 Rx a
                                                            nd Tx
  145 00000140 00000000        DCD              0           ;  64: Reserved
  146 00000144 00000000        DCD              0           ;  65: Reserved
  147 00000148 00000000        DCD              0           ;  66: Reserved
  148 0000014C 00000000        DCD              0           ;  67: Reserved



ARM Macro Assembler    Page 5 


  149 00000150 00000000        DCD              I2C2_Handler ;  68: I2C2 Master
                                                             and Slave
  150 00000154 00000000        DCD              I2C3_Handler ;  69: I2C3 Master
                                                             and Slave
  151 00000158 00000000        DCD              TIMER4A_Handler ;  70: Timer 4 
                                                            subtimer A
  152 0000015C 00000000        DCD              TIMER4B_Handler ;  71: Timer 4 
                                                            subtimer B
  153 00000160 00000000        DCD              0           ;  72: Reserved
  154 00000164 00000000        DCD              0           ;  73: Reserved
  155 00000168 00000000        DCD              0           ;  74: Reserved
  156 0000016C 00000000        DCD              0           ;  75: Reserved
  157 00000170 00000000        DCD              0           ;  76: Reserved
  158 00000174 00000000        DCD              0           ;  77: Reserved
  159 00000178 00000000        DCD              0           ;  78: Reserved
  160 0000017C 00000000        DCD              0           ;  79: Reserved
  161 00000180 00000000        DCD              0           ;  80: Reserved
  162 00000184 00000000        DCD              0           ;  81: Reserved
  163 00000188 00000000        DCD              0           ;  82: Reserved
  164 0000018C 00000000        DCD              0           ;  83: Reserved
  165 00000190 00000000        DCD              0           ;  84: Reserved
  166 00000194 00000000        DCD              0           ;  85: Reserved
  167 00000198 00000000        DCD              0           ;  86: Reserved
  168 0000019C 00000000        DCD              0           ;  87: Reserved
  169 000001A0 00000000        DCD              0           ;  88: Reserved
  170 000001A4 00000000        DCD              0           ;  89: Reserved
  171 000001A8 00000000        DCD              0           ;  90: Reserved
  172 000001AC 00000000        DCD              0           ;  91: Reserved
  173 000001B0 00000000        DCD              TIMER5A_Handler ;  92: Timer 5 
                                                            subtimer A
  174 000001B4 00000000        DCD              TIMER5B_Handler ;  93: Timer 5 
                                                            subtimer B
  175 000001B8 00000000        DCD              WTIMER0A_Handler ;  94: Wide Ti
                                                            mer 0 subtimer A
  176 000001BC 00000000        DCD              WTIMER0B_Handler ;  95: Wide Ti
                                                            mer 0 subtimer B
  177 000001C0 00000000        DCD              WTIMER1A_Handler ;  96: Wide Ti
                                                            mer 1 subtimer A
  178 000001C4 00000000        DCD              WTIMER1B_Handler ;  97: Wide Ti
                                                            mer 1 subtimer B
  179 000001C8 00000000        DCD              WTIMER2A_Handler ;  98: Wide Ti
                                                            mer 2 subtimer A
  180 000001CC 00000000        DCD              WTIMER2B_Handler ;  99: Wide Ti
                                                            mer 2 subtimer B
  181 000001D0 00000000        DCD              WTIMER3A_Handler ; 100: Wide Ti
                                                            mer 3 subtimer A
  182 000001D4 00000000        DCD              WTIMER3B_Handler ; 101: Wide Ti
                                                            mer 3 subtimer B
  183 000001D8 00000000        DCD              WTIMER4A_Handler ; 102: Wide Ti
                                                            mer 4 subtimer A
  184 000001DC 00000000        DCD              WTIMER4B_Handler ; 103: Wide Ti
                                                            mer 4 subtimer B
  185 000001E0 00000000        DCD              WTIMER5A_Handler ; 104: Wide Ti
                                                            mer 5 subtimer A
  186 000001E4 00000000        DCD              WTIMER5B_Handler ; 105: Wide Ti
                                                            mer 5 subtimer B
  187 000001E8 00000000        DCD              FPU_Handler ; 106: FPU
  188 000001EC 00000000        DCD              0           ; 107: Reserved
  189 000001F0 00000000        DCD              0           ; 108: Reserved



ARM Macro Assembler    Page 6 


  190 000001F4 00000000        DCD              I2C4_Handler ; 109: I2C4 Master
                                                             and Slave
  191 000001F8 00000000        DCD              I2C5_Handler ; 110: I2C5 Master
                                                             and Slave
  192 000001FC 00000000        DCD              GPIOM_Handler 
                                                            ; 111: GPIO Port M
  193 00000200 00000000        DCD              GPION_Handler 
                                                            ; 112: GPIO Port N
  194 00000204 00000000        DCD              QEI2_Handler ; 113: Quadrature 
                                                            Encoder 2
  195 00000208 00000000        DCD              0           ; 114: Reserved
  196 0000020C 00000000        DCD              0           ; 115: Reserved
  197 00000210 00000000        DCD              GPIOP0_Handler ; 116: GPIO Port
                                                             P (Summary or P0)
  198 00000214 00000000        DCD              GPIOP1_Handler 
                                                            ; 117: GPIO Port P1
                                                            
  199 00000218 00000000        DCD              GPIOP2_Handler 
                                                            ; 118: GPIO Port P2
                                                            
  200 0000021C 00000000        DCD              GPIOP3_Handler 
                                                            ; 119: GPIO Port P3
                                                            
  201 00000220 00000000        DCD              GPIOP4_Handler 
                                                            ; 120: GPIO Port P4
                                                            
  202 00000224 00000000        DCD              GPIOP5_Handler 
                                                            ; 121: GPIO Port P5
                                                            
  203 00000228 00000000        DCD              GPIOP6_Handler 
                                                            ; 122: GPIO Port P6
                                                            
  204 0000022C 00000000        DCD              GPIOP7_Handler 
                                                            ; 123: GPIO Port P7
                                                            
  205 00000230 00000000        DCD              GPIOQ0_Handler ; 124: GPIO Port
                                                             Q (Summary or Q0)
  206 00000234 00000000        DCD              GPIOQ1_Handler 
                                                            ; 125: GPIO Port Q1
                                                            
  207 00000238 00000000        DCD              GPIOQ2_Handler 
                                                            ; 126: GPIO Port Q2
                                                            
  208 0000023C 00000000        DCD              GPIOQ3_Handler 
                                                            ; 127: GPIO Port Q3
                                                            
  209 00000240 00000000        DCD              GPIOQ4_Handler 
                                                            ; 128: GPIO Port Q4
                                                            
  210 00000244 00000000        DCD              GPIOQ5_Handler 
                                                            ; 129: GPIO Port Q5
                                                            
  211 00000248 00000000        DCD              GPIOQ6_Handler 
                                                            ; 130: GPIO Port Q6
                                                            
  212 0000024C 00000000        DCD              GPIOQ7_Handler 
                                                            ; 131: GPIO Port Q7
                                                            
  213 00000250 00000000        DCD              GPIOR_Handler 



ARM Macro Assembler    Page 7 


                                                            ; 132: GPIO Port R
  214 00000254 00000000        DCD              GPIOS_Handler 
                                                            ; 133: GPIO Port S
  215 00000258 00000000        DCD              PMW1_0_Handler ; 134: PWM 1 Gen
                                                            erator 0
  216 0000025C 00000000        DCD              PWM1_1_Handler ; 135: PWM 1 Gen
                                                            erator 1
  217 00000260 00000000        DCD              PWM1_2_Handler ; 136: PWM 1 Gen
                                                            erator 2
  218 00000264 00000000        DCD              PWM1_3_Handler ; 137: PWM 1 Gen
                                                            erator 3
  219 00000268 00000000        DCD              PWM1_FAULT_Handler 
                                                            ; 138: PWM 1 Fault
  220 0000026C         
  221 0000026C         __Vectors_End
  222 0000026C         
  223 0000026C 0000026C 
                       __Vectors_Size
                               EQU              __Vectors_End - __Vectors
  224 0000026C         
  225 0000026C                 AREA             |.text|, CODE, READONLY
  226 00000000         
  227 00000000         
  228 00000000         ; Reset Handler
  229 00000000         
  230 00000000         Reset_Handler
                               PROC
  231 00000000                 EXPORT           Reset_Handler             [WEAK
]
  232 00000000                 IMPORT           SystemInit
  233 00000000                 IMPORT           __main
  234 00000000 483F            LDR              R0, =SystemInit
  235 00000002 4780            BLX              R0
  236 00000004 483F            LDR              R0, =__main
  237 00000006 4700            BX               R0
  238 00000008                 ENDP
  239 00000008         
  240 00000008         
  241 00000008         ; Dummy Exception Handlers (infinite loops which can be 
                       modified)
  242 00000008         
  243 00000008         NMI_Handler
                               PROC
  244 00000008                 EXPORT           NMI_Handler               [WEAK
]
  245 00000008 E7FE            B                .
  246 0000000A                 ENDP
  248 0000000A         HardFault_Handler
                               PROC
  249 0000000A                 EXPORT           HardFault_Handler         [WEAK
]
  250 0000000A E7FE            B                .
  251 0000000C                 ENDP
  253 0000000C         MemManage_Handler
                               PROC
  254 0000000C                 EXPORT           MemManage_Handler         [WEAK
]
  255 0000000C E7FE            B                .
  256 0000000E                 ENDP



ARM Macro Assembler    Page 8 


  258 0000000E         BusFault_Handler
                               PROC
  259 0000000E                 EXPORT           BusFault_Handler          [WEAK
]
  260 0000000E E7FE            B                .
  261 00000010                 ENDP
  263 00000010         UsageFault_Handler
                               PROC
  264 00000010                 EXPORT           UsageFault_Handler        [WEAK
]
  265 00000010 E7FE            B                .
  266 00000012                 ENDP
  267 00000012         SVC_Handler
                               PROC
  268 00000012                 EXPORT           SVC_Handler               [WEAK
]
  269 00000012 E7FE            B                .
  270 00000014                 ENDP
  272 00000014         DebugMon_Handler
                               PROC
  273 00000014                 EXPORT           DebugMon_Handler          [WEAK
]
  274 00000014 E7FE            B                .
  275 00000016                 ENDP
  277 00000016         PendSV_Handler
                               PROC
  278 00000016                 EXPORT           PendSV_Handler            [WEAK
]
  279 00000016 E7FE            B                .
  280 00000018                 ENDP
  282 00000018         SysTick_Handler
                               PROC
  283 00000018                 EXPORT           SysTick_Handler           [WEAK
]
  284 00000018 E7FE            B                .
  285 0000001A                 ENDP
  286 0000001A         
  288 0000001A         GPIOA_Handler
                               PROC
  289 0000001A                 EXPORT           GPIOA_Handler [WEAK]
  290 0000001A E7FE            B                .
  291 0000001C                 ENDP
  292 0000001C         
  294 0000001C         GPIOB_Handler
                               PROC
  295 0000001C                 EXPORT           GPIOB_Handler [WEAK]
  296 0000001C E7FE            B                .
  297 0000001E                 ENDP
  298 0000001E         
  300 0000001E         GPIOC_Handler
                               PROC
  301 0000001E                 EXPORT           GPIOC_Handler [WEAK]
  302 0000001E E7FE            B                .
  303 00000020                 ENDP
  304 00000020         
  306 00000020         GPIOD_Handler
                               PROC
  307 00000020                 EXPORT           GPIOD_Handler [WEAK]
  308 00000020 E7FE            B                .



ARM Macro Assembler    Page 9 


  309 00000022                 ENDP
  310 00000022         
  312 00000022         GPIOE_Handler
                               PROC
  313 00000022                 EXPORT           GPIOE_Handler [WEAK]
  314 00000022 E7FE            B                .
  315 00000024                 ENDP
  316 00000024         
  318 00000024         UART0_Handler
                               PROC
  319 00000024                 EXPORT           UART0_Handler [WEAK]
  320 00000024 E7FE            B                .
  321 00000026                 ENDP
  322 00000026         
  324 00000026         UART1_Handler
                               PROC
  325 00000026                 EXPORT           UART1_Handler [WEAK]
  326 00000026 E7FE            B                .
  327 00000028                 ENDP
  328 00000028         
  330 00000028         SSI0_Handler
                               PROC
  331 00000028                 EXPORT           SSI0_Handler [WEAK]
  332 00000028 E7FE            B                .
  333 0000002A                 ENDP
  334 0000002A         
  336 0000002A         I2C0_Handler
                               PROC
  337 0000002A                 EXPORT           I2C0_Handler [WEAK]
  338 0000002A E7FE            B                .
  339 0000002C                 ENDP
  340 0000002C         
  342 0000002C         PMW0_FAULT_Handler
                               PROC
  343 0000002C                 EXPORT           PMW0_FAULT_Handler [WEAK]
  344 0000002C E7FE            B                .
  345 0000002E                 ENDP
  346 0000002E         
  348 0000002E         PWM0_0_Handler
                               PROC
  349 0000002E                 EXPORT           PWM0_0_Handler [WEAK]
  350 0000002E E7FE            B                .
  351 00000030                 ENDP
  352 00000030         
  354 00000030         PWM0_1_Handler
                               PROC
  355 00000030                 EXPORT           PWM0_1_Handler [WEAK]
  356 00000030 E7FE            B                .
  357 00000032                 ENDP
  358 00000032         
  360 00000032         PWM0_2_Handler
                               PROC
  361 00000032                 EXPORT           PWM0_2_Handler [WEAK]
  362 00000032 E7FE            B                .
  363 00000034                 ENDP
  364 00000034         
  366 00000034         QEI0_Handler
                               PROC
  367 00000034                 EXPORT           QEI0_Handler [WEAK]



ARM Macro Assembler    Page 10 


  368 00000034 E7FE            B                .
  369 00000036                 ENDP
  370 00000036         
  372 00000036         ADC0SS0_Handler
                               PROC
  373 00000036                 EXPORT           ADC0SS0_Handler [WEAK]
  374 00000036 E7FE            B                .
  375 00000038                 ENDP
  376 00000038         
  378 00000038         ADC0SS1_Handler
                               PROC
  379 00000038                 EXPORT           ADC0SS1_Handler [WEAK]
  380 00000038 E7FE            B                .
  381 0000003A                 ENDP
  382 0000003A         
  384 0000003A         ADC0SS2_Handler
                               PROC
  385 0000003A                 EXPORT           ADC0SS2_Handler [WEAK]
  386 0000003A E7FE            B                .
  387 0000003C                 ENDP
  388 0000003C         
  390 0000003C         ADC0SS3_Handler
                               PROC
  391 0000003C                 EXPORT           ADC0SS3_Handler [WEAK]
  392 0000003C E7FE            B                .
  393 0000003E                 ENDP
  394 0000003E         
  396 0000003E         WDT0_Handler
                               PROC
  397 0000003E                 EXPORT           WDT0_Handler [WEAK]
  398 0000003E E7FE            B                .
  399 00000040                 ENDP
  400 00000040         
  402 00000040         TIMER0A_Handler
                               PROC
  403 00000040                 EXPORT           TIMER0A_Handler [WEAK]
  404 00000040 E7FE            B                .
  405 00000042                 ENDP
  406 00000042         
  408 00000042         TIMER0B_Handler
                               PROC
  409 00000042                 EXPORT           TIMER0B_Handler [WEAK]
  410 00000042 E7FE            B                .
  411 00000044                 ENDP
  412 00000044         
  414 00000044         TIMER1A_Handler
                               PROC
  415 00000044                 EXPORT           TIMER1A_Handler [WEAK]
  416 00000044 E7FE            B                .
  417 00000046                 ENDP
  418 00000046         
  420 00000046         TIMER1B_Handler
                               PROC
  421 00000046                 EXPORT           TIMER1B_Handler [WEAK]
  422 00000046 E7FE            B                .
  423 00000048                 ENDP
  424 00000048         
  426 00000048         TIMER2A_Handler
                               PROC



ARM Macro Assembler    Page 11 


  427 00000048                 EXPORT           TIMER2A_Handler [WEAK]
  428 00000048 E7FE            B                .
  429 0000004A                 ENDP
  430 0000004A         
  432 0000004A         TIMER2B_Handler
                               PROC
  433 0000004A                 EXPORT           TIMER2B_Handler [WEAK]
  434 0000004A E7FE            B                .
  435 0000004C                 ENDP
  436 0000004C         
  438 0000004C         COMP0_Handler
                               PROC
  439 0000004C                 EXPORT           COMP0_Handler [WEAK]
  440 0000004C E7FE            B                .
  441 0000004E                 ENDP
  442 0000004E         
  444 0000004E         COMP1_Handler
                               PROC
  445 0000004E                 EXPORT           COMP1_Handler [WEAK]
  446 0000004E E7FE            B                .
  447 00000050                 ENDP
  448 00000050         
  450 00000050         COMP2_Handler
                               PROC
  451 00000050                 EXPORT           COMP2_Handler [WEAK]
  452 00000050 E7FE            B                .
  453 00000052                 ENDP
  454 00000052         
  456 00000052         SYSCTL_Handler
                               PROC
  457 00000052                 EXPORT           SYSCTL_Handler [WEAK]
  458 00000052 E7FE            B                .
  459 00000054                 ENDP
  460 00000054         
  462 00000054         FLASH_Handler
                               PROC
  463 00000054                 EXPORT           FLASH_Handler [WEAK]
  464 00000054 E7FE            B                .
  465 00000056                 ENDP
  466 00000056         
  468 00000056         GPIOF_Handler
                               PROC
  469 00000056                 EXPORT           GPIOF_Handler [WEAK]
  470 00000056 E7FE            B                .
  471 00000058                 ENDP
  472 00000058         
  474 00000058         GPIOG_Handler
                               PROC
  475 00000058                 EXPORT           GPIOG_Handler [WEAK]
  476 00000058 E7FE            B                .
  477 0000005A                 ENDP
  478 0000005A         
  480 0000005A         GPIOH_Handler
                               PROC
  481 0000005A                 EXPORT           GPIOH_Handler [WEAK]
  482 0000005A E7FE            B                .
  483 0000005C                 ENDP
  484 0000005C         
  486 0000005C         UART2_Handler



ARM Macro Assembler    Page 12 


                               PROC
  487 0000005C                 EXPORT           UART2_Handler [WEAK]
  488 0000005C E7FE            B                .
  489 0000005E                 ENDP
  490 0000005E         
  492 0000005E         SSI1_Handler
                               PROC
  493 0000005E                 EXPORT           SSI1_Handler [WEAK]
  494 0000005E E7FE            B                .
  495 00000060                 ENDP
  496 00000060         
  498 00000060         TIMER3A_Handler
                               PROC
  499 00000060                 EXPORT           TIMER3A_Handler [WEAK]
  500 00000060 E7FE            B                .
  501 00000062                 ENDP
  502 00000062         
  504 00000062         TIMER3B_Handler
                               PROC
  505 00000062                 EXPORT           TIMER3B_Handler [WEAK]
  506 00000062 E7FE            B                .
  507 00000064                 ENDP
  508 00000064         
  510 00000064         I2C1_Handler
                               PROC
  511 00000064                 EXPORT           I2C1_Handler [WEAK]
  512 00000064 E7FE            B                .
  513 00000066                 ENDP
  514 00000066         
  516 00000066         QEI1_Handler
                               PROC
  517 00000066                 EXPORT           QEI1_Handler [WEAK]
  518 00000066 E7FE            B                .
  519 00000068                 ENDP
  520 00000068         
  522 00000068         CAN0_Handler
                               PROC
  523 00000068                 EXPORT           CAN0_Handler [WEAK]
  524 00000068 E7FE            B                .
  525 0000006A                 ENDP
  526 0000006A         
  528 0000006A         CAN1_Handler
                               PROC
  529 0000006A                 EXPORT           CAN1_Handler [WEAK]
  530 0000006A E7FE            B                .
  531 0000006C                 ENDP
  532 0000006C         
  534 0000006C         CAN2_Handler
                               PROC
  535 0000006C                 EXPORT           CAN2_Handler [WEAK]
  536 0000006C E7FE            B                .
  537 0000006E                 ENDP
  538 0000006E         
  540 0000006E         HIB_Handler
                               PROC
  541 0000006E                 EXPORT           HIB_Handler [WEAK]
  542 0000006E E7FE            B                .
  543 00000070                 ENDP
  544 00000070         



ARM Macro Assembler    Page 13 


  546 00000070         USB0_Handler
                               PROC
  547 00000070                 EXPORT           USB0_Handler [WEAK]
  548 00000070 E7FE            B                .
  549 00000072                 ENDP
  550 00000072         
  552 00000072         PWM0_3_Handler
                               PROC
  553 00000072                 EXPORT           PWM0_3_Handler [WEAK]
  554 00000072 E7FE            B                .
  555 00000074                 ENDP
  556 00000074         
  558 00000074         UDMA_Handler
                               PROC
  559 00000074                 EXPORT           UDMA_Handler [WEAK]
  560 00000074 E7FE            B                .
  561 00000076                 ENDP
  562 00000076         
  564 00000076         UDMAERR_Handler
                               PROC
  565 00000076                 EXPORT           UDMAERR_Handler [WEAK]
  566 00000076 E7FE            B                .
  567 00000078                 ENDP
  568 00000078         
  570 00000078         ADC1SS0_Handler
                               PROC
  571 00000078                 EXPORT           ADC1SS0_Handler [WEAK]
  572 00000078 E7FE            B                .
  573 0000007A                 ENDP
  574 0000007A         
  576 0000007A         ADC1SS1_Handler
                               PROC
  577 0000007A                 EXPORT           ADC1SS1_Handler [WEAK]
  578 0000007A E7FE            B                .
  579 0000007C                 ENDP
  580 0000007C         
  582 0000007C         ADC1SS2_Handler
                               PROC
  583 0000007C                 EXPORT           ADC1SS2_Handler [WEAK]
  584 0000007C E7FE            B                .
  585 0000007E                 ENDP
  586 0000007E         
  588 0000007E         ADC1SS3_Handler
                               PROC
  589 0000007E                 EXPORT           ADC1SS3_Handler [WEAK]
  590 0000007E E7FE            B                .
  591 00000080                 ENDP
  592 00000080         
  594 00000080         GPIOJ_Handler
                               PROC
  595 00000080                 EXPORT           GPIOJ_Handler [WEAK]
  596 00000080 E7FE            B                .
  597 00000082                 ENDP
  598 00000082         
  600 00000082         GPIOK_Handler
                               PROC
  601 00000082                 EXPORT           GPIOK_Handler [WEAK]
  602 00000082 E7FE            B                .
  603 00000084                 ENDP



ARM Macro Assembler    Page 14 


  604 00000084         
  606 00000084         GPIOL_Handler
                               PROC
  607 00000084                 EXPORT           GPIOL_Handler [WEAK]
  608 00000084 E7FE            B                .
  609 00000086                 ENDP
  610 00000086         
  612 00000086         SSI2_Handler
                               PROC
  613 00000086                 EXPORT           SSI2_Handler [WEAK]
  614 00000086 E7FE            B                .
  615 00000088                 ENDP
  616 00000088         
  618 00000088         SSI3_Handler
                               PROC
  619 00000088                 EXPORT           SSI3_Handler [WEAK]
  620 00000088 E7FE            B                .
  621 0000008A                 ENDP
  622 0000008A         
  624 0000008A         UART3_Handler
                               PROC
  625 0000008A                 EXPORT           UART3_Handler [WEAK]
  626 0000008A E7FE            B                .
  627 0000008C                 ENDP
  628 0000008C         
  630 0000008C         UART4_Handler
                               PROC
  631 0000008C                 EXPORT           UART4_Handler [WEAK]
  632 0000008C E7FE            B                .
  633 0000008E                 ENDP
  634 0000008E         
  636 0000008E         UART5_Handler
                               PROC
  637 0000008E                 EXPORT           UART5_Handler [WEAK]
  638 0000008E E7FE            B                .
  639 00000090                 ENDP
  640 00000090         
  642 00000090         UART6_Handler
                               PROC
  643 00000090                 EXPORT           UART6_Handler [WEAK]
  644 00000090 E7FE            B                .
  645 00000092                 ENDP
  646 00000092         
  648 00000092         UART7_Handler
                               PROC
  649 00000092                 EXPORT           UART7_Handler [WEAK]
  650 00000092 E7FE            B                .
  651 00000094                 ENDP
  652 00000094         
  654 00000094         I2C2_Handler
                               PROC
  655 00000094                 EXPORT           I2C2_Handler [WEAK]
  656 00000094 E7FE            B                .
  657 00000096                 ENDP
  658 00000096         
  660 00000096         I2C3_Handler
                               PROC
  661 00000096                 EXPORT           I2C3_Handler [WEAK]
  662 00000096 E7FE            B                .



ARM Macro Assembler    Page 15 


  663 00000098                 ENDP
  664 00000098         
  666 00000098         TIMER4A_Handler
                               PROC
  667 00000098                 EXPORT           TIMER4A_Handler [WEAK]
  668 00000098 E7FE            B                .
  669 0000009A                 ENDP
  670 0000009A         
  672 0000009A         TIMER4B_Handler
                               PROC
  673 0000009A                 EXPORT           TIMER4B_Handler [WEAK]
  674 0000009A E7FE            B                .
  675 0000009C                 ENDP
  676 0000009C         
  678 0000009C         TIMER5A_Handler
                               PROC
  679 0000009C                 EXPORT           TIMER5A_Handler [WEAK]
  680 0000009C E7FE            B                .
  681 0000009E                 ENDP
  682 0000009E         
  684 0000009E         TIMER5B_Handler
                               PROC
  685 0000009E                 EXPORT           TIMER5B_Handler [WEAK]
  686 0000009E E7FE            B                .
  687 000000A0                 ENDP
  688 000000A0         
  690 000000A0         WTIMER0A_Handler
                               PROC
  691 000000A0                 EXPORT           WTIMER0A_Handler [WEAK]
  692 000000A0 E7FE            B                .
  693 000000A2                 ENDP
  694 000000A2         
  696 000000A2         WTIMER0B_Handler
                               PROC
  697 000000A2                 EXPORT           WTIMER0B_Handler [WEAK]
  698 000000A2 E7FE            B                .
  699 000000A4                 ENDP
  700 000000A4         
  702 000000A4         WTIMER1A_Handler
                               PROC
  703 000000A4                 EXPORT           WTIMER1A_Handler [WEAK]
  704 000000A4 E7FE            B                .
  705 000000A6                 ENDP
  706 000000A6         
  708 000000A6         WTIMER1B_Handler
                               PROC
  709 000000A6                 EXPORT           WTIMER1B_Handler [WEAK]
  710 000000A6 E7FE            B                .
  711 000000A8                 ENDP
  712 000000A8         
  714 000000A8         WTIMER2A_Handler
                               PROC
  715 000000A8                 EXPORT           WTIMER2A_Handler [WEAK]
  716 000000A8 E7FE            B                .
  717 000000AA                 ENDP
  718 000000AA         
  720 000000AA         WTIMER2B_Handler
                               PROC
  721 000000AA                 EXPORT           WTIMER2B_Handler [WEAK]



ARM Macro Assembler    Page 16 


  722 000000AA E7FE            B                .
  723 000000AC                 ENDP
  724 000000AC         
  726 000000AC         WTIMER3A_Handler
                               PROC
  727 000000AC                 EXPORT           WTIMER3A_Handler [WEAK]
  728 000000AC E7FE            B                .
  729 000000AE                 ENDP
  730 000000AE         
  732 000000AE         WTIMER3B_Handler
                               PROC
  733 000000AE                 EXPORT           WTIMER3B_Handler [WEAK]
  734 000000AE E7FE            B                .
  735 000000B0                 ENDP
  736 000000B0         
  738 000000B0         WTIMER4A_Handler
                               PROC
  739 000000B0                 EXPORT           WTIMER4A_Handler [WEAK]
  740 000000B0 E7FE            B                .
  741 000000B2                 ENDP
  742 000000B2         
  744 000000B2         WTIMER4B_Handler
                               PROC
  745 000000B2                 EXPORT           WTIMER4B_Handler [WEAK]
  746 000000B2 E7FE            B                .
  747 000000B4                 ENDP
  748 000000B4         
  750 000000B4         WTIMER5A_Handler
                               PROC
  751 000000B4                 EXPORT           WTIMER5A_Handler [WEAK]
  752 000000B4 E7FE            B                .
  753 000000B6                 ENDP
  754 000000B6         
  756 000000B6         WTIMER5B_Handler
                               PROC
  757 000000B6                 EXPORT           WTIMER5B_Handler [WEAK]
  758 000000B6 E7FE            B                .
  759 000000B8                 ENDP
  760 000000B8         
  762 000000B8         FPU_Handler
                               PROC
  763 000000B8                 EXPORT           FPU_Handler [WEAK]
  764 000000B8 E7FE            B                .
  765 000000BA                 ENDP
  766 000000BA         
  768 000000BA         I2C4_Handler
                               PROC
  769 000000BA                 EXPORT           I2C4_Handler [WEAK]
  770 000000BA E7FE            B                .
  771 000000BC                 ENDP
  772 000000BC         
  774 000000BC         I2C5_Handler
                               PROC
  775 000000BC                 EXPORT           I2C5_Handler [WEAK]
  776 000000BC E7FE            B                .
  777 000000BE                 ENDP
  778 000000BE         
  780 000000BE         GPIOM_Handler
                               PROC



ARM Macro Assembler    Page 17 


  781 000000BE                 EXPORT           GPIOM_Handler [WEAK]
  782 000000BE E7FE            B                .
  783 000000C0                 ENDP
  784 000000C0         
  786 000000C0         GPION_Handler
                               PROC
  787 000000C0                 EXPORT           GPION_Handler [WEAK]
  788 000000C0 E7FE            B                .
  789 000000C2                 ENDP
  790 000000C2         
  792 000000C2         QEI2_Handler
                               PROC
  793 000000C2                 EXPORT           QEI2_Handler [WEAK]
  794 000000C2 E7FE            B                .
  795 000000C4                 ENDP
  796 000000C4         
  798 000000C4         GPIOP0_Handler
                               PROC
  799 000000C4                 EXPORT           GPIOP0_Handler [WEAK]
  800 000000C4 E7FE            B                .
  801 000000C6                 ENDP
  802 000000C6         
  804 000000C6         GPIOP1_Handler
                               PROC
  805 000000C6                 EXPORT           GPIOP1_Handler [WEAK]
  806 000000C6 E7FE            B                .
  807 000000C8                 ENDP
  808 000000C8         
  810 000000C8         GPIOP2_Handler
                               PROC
  811 000000C8                 EXPORT           GPIOP2_Handler [WEAK]
  812 000000C8 E7FE            B                .
  813 000000CA                 ENDP
  814 000000CA         
  816 000000CA         GPIOP3_Handler
                               PROC
  817 000000CA                 EXPORT           GPIOP3_Handler [WEAK]
  818 000000CA E7FE            B                .
  819 000000CC                 ENDP
  820 000000CC         
  822 000000CC         GPIOP4_Handler
                               PROC
  823 000000CC                 EXPORT           GPIOP4_Handler [WEAK]
  824 000000CC E7FE            B                .
  825 000000CE                 ENDP
  826 000000CE         
  828 000000CE         GPIOP5_Handler
                               PROC
  829 000000CE                 EXPORT           GPIOP5_Handler [WEAK]
  830 000000CE E7FE            B                .
  831 000000D0                 ENDP
  832 000000D0         
  834 000000D0         GPIOP6_Handler
                               PROC
  835 000000D0                 EXPORT           GPIOP6_Handler [WEAK]
  836 000000D0 E7FE            B                .
  837 000000D2                 ENDP
  838 000000D2         
  840 000000D2         GPIOP7_Handler



ARM Macro Assembler    Page 18 


                               PROC
  841 000000D2                 EXPORT           GPIOP7_Handler [WEAK]
  842 000000D2 E7FE            B                .
  843 000000D4                 ENDP
  844 000000D4         
  846 000000D4         GPIOQ0_Handler
                               PROC
  847 000000D4                 EXPORT           GPIOQ0_Handler [WEAK]
  848 000000D4 E7FE            B                .
  849 000000D6                 ENDP
  850 000000D6         
  852 000000D6         GPIOQ1_Handler
                               PROC
  853 000000D6                 EXPORT           GPIOQ1_Handler [WEAK]
  854 000000D6 E7FE            B                .
  855 000000D8                 ENDP
  856 000000D8         
  858 000000D8         GPIOQ2_Handler
                               PROC
  859 000000D8                 EXPORT           GPIOQ2_Handler [WEAK]
  860 000000D8 E7FE            B                .
  861 000000DA                 ENDP
  862 000000DA         
  864 000000DA         GPIOQ3_Handler
                               PROC
  865 000000DA                 EXPORT           GPIOQ3_Handler [WEAK]
  866 000000DA E7FE            B                .
  867 000000DC                 ENDP
  868 000000DC         
  870 000000DC         GPIOQ4_Handler
                               PROC
  871 000000DC                 EXPORT           GPIOQ4_Handler [WEAK]
  872 000000DC E7FE            B                .
  873 000000DE                 ENDP
  874 000000DE         
  876 000000DE         GPIOQ5_Handler
                               PROC
  877 000000DE                 EXPORT           GPIOQ5_Handler [WEAK]
  878 000000DE E7FE            B                .
  879 000000E0                 ENDP
  880 000000E0         
  882 000000E0         GPIOQ6_Handler
                               PROC
  883 000000E0                 EXPORT           GPIOQ6_Handler [WEAK]
  884 000000E0 E7FE            B                .
  885 000000E2                 ENDP
  886 000000E2         
  888 000000E2         GPIOQ7_Handler
                               PROC
  889 000000E2                 EXPORT           GPIOQ7_Handler [WEAK]
  890 000000E2 E7FE            B                .
  891 000000E4                 ENDP
  892 000000E4         
  894 000000E4         GPIOR_Handler
                               PROC
  895 000000E4                 EXPORT           GPIOR_Handler [WEAK]
  896 000000E4 E7FE            B                .
  897 000000E6                 ENDP
  898 000000E6         



ARM Macro Assembler    Page 19 


  900 000000E6         GPIOS_Handler
                               PROC
  901 000000E6                 EXPORT           GPIOS_Handler [WEAK]
  902 000000E6 E7FE            B                .
  903 000000E8                 ENDP
  904 000000E8         
  906 000000E8         PMW1_0_Handler
                               PROC
  907 000000E8                 EXPORT           PMW1_0_Handler [WEAK]
  908 000000E8 E7FE            B                .
  909 000000EA                 ENDP
  910 000000EA         
  912 000000EA         PWM1_1_Handler
                               PROC
  913 000000EA                 EXPORT           PWM1_1_Handler [WEAK]
  914 000000EA E7FE            B                .
  915 000000EC                 ENDP
  916 000000EC         
  918 000000EC         PWM1_2_Handler
                               PROC
  919 000000EC                 EXPORT           PWM1_2_Handler [WEAK]
  920 000000EC E7FE            B                .
  921 000000EE                 ENDP
  922 000000EE         
  924 000000EE         PWM1_3_Handler
                               PROC
  925 000000EE                 EXPORT           PWM1_3_Handler [WEAK]
  926 000000EE E7FE            B                .
  927 000000F0                 ENDP
  928 000000F0         
  930 000000F0         PWM1_FAULT_Handler
                               PROC
  931 000000F0                 EXPORT           PWM1_FAULT_Handler [WEAK]
  932 000000F0 E7FE            B                .
  933 000000F2                 ENDP
  934 000000F2         
  935 000000F2 00 00           ALIGN
  936 000000F4         
  937 000000F4         
  938 000000F4         ; User Initial Stack & Heap
  939 000000F4         
  940 000000F4                 IF               :DEF:__MICROLIB
  947 000000F4         
  948 000000F4                 IMPORT           __use_two_region_memory
  949 000000F4                 EXPORT           __user_initial_stackheap
  950 000000F4         __user_initial_stackheap
  951 000000F4         
  952 000000F4 4804            LDR              R0, =  Heap_Mem
  953 000000F6 4905            LDR              R1, =(Stack_Mem + Stack_Size)
  954 000000F8 4A03            LDR              R2, = (Heap_Mem +  Heap_Size)
  955 000000FA 4B05            LDR              R3, = Stack_Mem
  956 000000FC 4770            BX               LR
  957 000000FE         
  958 000000FE 00 00           ALIGN
  959 00000100         
  960 00000100                 ENDIF
  961 00000100         
  962 00000100         
  963 00000100                 END



ARM Macro Assembler    Page 20 


              00000000 
              00000000 
              00000000 
              00000200 
              00000000 
Command Line: --debug --xref --cpu=Cortex-M4.fp --apcs=interwork --depend=.\sta
rtup_tm4c123.d -o.\startup_tm4c123.o -IE:\keil\ARM\RV31\INC -IE:\keil\ARM\CMSIS
\Include -IE:\keil\ARM\Inc\TI\TM4C123 --predefine="__EVAL SETA 1" --list=.\star
tup_tm4c123.lst startup_TM4C123.s



ARM Macro Assembler    Page 1 Alphabetic symbol ordering
Relocatable symbols

STACK 00000000

Symbol: STACK
   Definitions
      At line 34 in file startup_TM4C123.s
   Uses
      None
Comment: STACK unused
Stack_Mem 00000000

Symbol: Stack_Mem
   Definitions
      At line 35 in file startup_TM4C123.s
   Uses
      At line 953 in file startup_TM4C123.s
      At line 955 in file startup_TM4C123.s

__initial_sp 00000200

Symbol: __initial_sp
   Definitions
      At line 36 in file startup_TM4C123.s
   Uses
      At line 62 in file startup_TM4C123.s
Comment: __initial_sp used once
3 symbols



ARM Macro Assembler    Page 1 Alphabetic symbol ordering
Relocatable symbols

HEAP 00000000

Symbol: HEAP
   Definitions
      At line 45 in file startup_TM4C123.s
   Uses
      None
Comment: HEAP unused
Heap_Mem 00000000

Symbol: Heap_Mem
   Definitions
      At line 47 in file startup_TM4C123.s
   Uses
      At line 952 in file startup_TM4C123.s
      At line 954 in file startup_TM4C123.s

__heap_base 00000000

Symbol: __heap_base
   Definitions
      At line 46 in file startup_TM4C123.s
   Uses
      None
Comment: __heap_base unused
__heap_limit 00000000

Symbol: __heap_limit
   Definitions
      At line 48 in file startup_TM4C123.s
   Uses
      None
Comment: __heap_limit unused
4 symbols



ARM Macro Assembler    Page 1 Alphabetic symbol ordering
Relocatable symbols

RESET 00000000

Symbol: RESET
   Definitions
      At line 57 in file startup_TM4C123.s
   Uses
      None
Comment: RESET unused
__Vectors 00000000

Symbol: __Vectors
   Definitions
      At line 62 in file startup_TM4C123.s
   Uses
      At line 58 in file startup_TM4C123.s
      At line 223 in file startup_TM4C123.s

__Vectors_End 0000026C

Symbol: __Vectors_End
   Definitions
      At line 221 in file startup_TM4C123.s
   Uses
      At line 59 in file startup_TM4C123.s
      At line 223 in file startup_TM4C123.s

3 symbols



ARM Macro Assembler    Page 1 Alphabetic symbol ordering
Relocatable symbols

.text 00000000

Symbol: .text
   Definitions
      At line 225 in file startup_TM4C123.s
   Uses
      None
Comment: .text unused
ADC0SS0_Handler 00000036

Symbol: ADC0SS0_Handler
   Definitions
      At line 372 in file startup_TM4C123.s
   Uses
      At line 95 in file startup_TM4C123.s
      At line 373 in file startup_TM4C123.s

ADC0SS1_Handler 00000038

Symbol: ADC0SS1_Handler
   Definitions
      At line 378 in file startup_TM4C123.s
   Uses
      At line 96 in file startup_TM4C123.s
      At line 379 in file startup_TM4C123.s

ADC0SS2_Handler 0000003A

Symbol: ADC0SS2_Handler
   Definitions
      At line 384 in file startup_TM4C123.s
   Uses
      At line 97 in file startup_TM4C123.s
      At line 385 in file startup_TM4C123.s

ADC0SS3_Handler 0000003C

Symbol: ADC0SS3_Handler
   Definitions
      At line 390 in file startup_TM4C123.s
   Uses
      At line 98 in file startup_TM4C123.s
      At line 391 in file startup_TM4C123.s

ADC1SS0_Handler 00000078

Symbol: ADC1SS0_Handler
   Definitions
      At line 570 in file startup_TM4C123.s
   Uses
      At line 129 in file startup_TM4C123.s
      At line 571 in file startup_TM4C123.s

ADC1SS1_Handler 0000007A

Symbol: ADC1SS1_Handler
   Definitions
      At line 576 in file startup_TM4C123.s
   Uses



ARM Macro Assembler    Page 2 Alphabetic symbol ordering
Relocatable symbols

      At line 130 in file startup_TM4C123.s
      At line 577 in file startup_TM4C123.s

ADC1SS2_Handler 0000007C

Symbol: ADC1SS2_Handler
   Definitions
      At line 582 in file startup_TM4C123.s
   Uses
      At line 131 in file startup_TM4C123.s
      At line 583 in file startup_TM4C123.s

ADC1SS3_Handler 0000007E

Symbol: ADC1SS3_Handler
   Definitions
      At line 588 in file startup_TM4C123.s
   Uses
      At line 132 in file startup_TM4C123.s
      At line 589 in file startup_TM4C123.s

BusFault_Handler 0000000E

Symbol: BusFault_Handler
   Definitions
      At line 258 in file startup_TM4C123.s
   Uses
      At line 67 in file startup_TM4C123.s
      At line 259 in file startup_TM4C123.s

CAN0_Handler 00000068

Symbol: CAN0_Handler
   Definitions
      At line 522 in file startup_TM4C123.s
   Uses
      At line 120 in file startup_TM4C123.s
      At line 523 in file startup_TM4C123.s

CAN1_Handler 0000006A

Symbol: CAN1_Handler
   Definitions
      At line 528 in file startup_TM4C123.s
   Uses
      At line 121 in file startup_TM4C123.s
      At line 529 in file startup_TM4C123.s

CAN2_Handler 0000006C

Symbol: CAN2_Handler
   Definitions
      At line 534 in file startup_TM4C123.s
   Uses
      At line 122 in file startup_TM4C123.s
      At line 535 in file startup_TM4C123.s

COMP0_Handler 0000004C




ARM Macro Assembler    Page 3 Alphabetic symbol ordering
Relocatable symbols

Symbol: COMP0_Handler
   Definitions
      At line 438 in file startup_TM4C123.s
   Uses
      At line 106 in file startup_TM4C123.s
      At line 439 in file startup_TM4C123.s

COMP1_Handler 0000004E

Symbol: COMP1_Handler
   Definitions
      At line 444 in file startup_TM4C123.s
   Uses
      At line 107 in file startup_TM4C123.s
      At line 445 in file startup_TM4C123.s

COMP2_Handler 00000050

Symbol: COMP2_Handler
   Definitions
      At line 450 in file startup_TM4C123.s
   Uses
      At line 108 in file startup_TM4C123.s
      At line 451 in file startup_TM4C123.s

DebugMon_Handler 00000014

Symbol: DebugMon_Handler
   Definitions
      At line 272 in file startup_TM4C123.s
   Uses
      At line 74 in file startup_TM4C123.s
      At line 273 in file startup_TM4C123.s

FLASH_Handler 00000054

Symbol: FLASH_Handler
   Definitions
      At line 462 in file startup_TM4C123.s
   Uses
      At line 110 in file startup_TM4C123.s
      At line 463 in file startup_TM4C123.s

FPU_Handler 000000B8

Symbol: FPU_Handler
   Definitions
      At line 762 in file startup_TM4C123.s
   Uses
      At line 187 in file startup_TM4C123.s
      At line 763 in file startup_TM4C123.s

GPIOA_Handler 0000001A

Symbol: GPIOA_Handler
   Definitions
      At line 288 in file startup_TM4C123.s
   Uses
      At line 81 in file startup_TM4C123.s



ARM Macro Assembler    Page 4 Alphabetic symbol ordering
Relocatable symbols

      At line 289 in file startup_TM4C123.s

GPIOB_Handler 0000001C

Symbol: GPIOB_Handler
   Definitions
      At line 294 in file startup_TM4C123.s
   Uses
      At line 82 in file startup_TM4C123.s
      At line 295 in file startup_TM4C123.s

GPIOC_Handler 0000001E

Symbol: GPIOC_Handler
   Definitions
      At line 300 in file startup_TM4C123.s
   Uses
      At line 83 in file startup_TM4C123.s
      At line 301 in file startup_TM4C123.s

GPIOD_Handler 00000020

Symbol: GPIOD_Handler
   Definitions
      At line 306 in file startup_TM4C123.s
   Uses
      At line 84 in file startup_TM4C123.s
      At line 307 in file startup_TM4C123.s

GPIOE_Handler 00000022

Symbol: GPIOE_Handler
   Definitions
      At line 312 in file startup_TM4C123.s
   Uses
      At line 85 in file startup_TM4C123.s
      At line 313 in file startup_TM4C123.s

GPIOF_Handler 00000056

Symbol: GPIOF_Handler
   Definitions
      At line 468 in file startup_TM4C123.s
   Uses
      At line 111 in file startup_TM4C123.s
      At line 469 in file startup_TM4C123.s

GPIOG_Handler 00000058

Symbol: GPIOG_Handler
   Definitions
      At line 474 in file startup_TM4C123.s
   Uses
      At line 112 in file startup_TM4C123.s
      At line 475 in file startup_TM4C123.s

GPIOH_Handler 0000005A

Symbol: GPIOH_Handler



ARM Macro Assembler    Page 5 Alphabetic symbol ordering
Relocatable symbols

   Definitions
      At line 480 in file startup_TM4C123.s
   Uses
      At line 113 in file startup_TM4C123.s
      At line 481 in file startup_TM4C123.s

GPIOJ_Handler 00000080

Symbol: GPIOJ_Handler
   Definitions
      At line 594 in file startup_TM4C123.s
   Uses
      At line 135 in file startup_TM4C123.s
      At line 595 in file startup_TM4C123.s

GPIOK_Handler 00000082

Symbol: GPIOK_Handler
   Definitions
      At line 600 in file startup_TM4C123.s
   Uses
      At line 136 in file startup_TM4C123.s
      At line 601 in file startup_TM4C123.s

GPIOL_Handler 00000084

Symbol: GPIOL_Handler
   Definitions
      At line 606 in file startup_TM4C123.s
   Uses
      At line 137 in file startup_TM4C123.s
      At line 607 in file startup_TM4C123.s

GPIOM_Handler 000000BE

Symbol: GPIOM_Handler
   Definitions
      At line 780 in file startup_TM4C123.s
   Uses
      At line 192 in file startup_TM4C123.s
      At line 781 in file startup_TM4C123.s

GPION_Handler 000000C0

Symbol: GPION_Handler
   Definitions
      At line 786 in file startup_TM4C123.s
   Uses
      At line 193 in file startup_TM4C123.s
      At line 787 in file startup_TM4C123.s

GPIOP0_Handler 000000C4

Symbol: GPIOP0_Handler
   Definitions
      At line 798 in file startup_TM4C123.s
   Uses
      At line 197 in file startup_TM4C123.s
      At line 799 in file startup_TM4C123.s



ARM Macro Assembler    Page 6 Alphabetic symbol ordering
Relocatable symbols


GPIOP1_Handler 000000C6

Symbol: GPIOP1_Handler
   Definitions
      At line 804 in file startup_TM4C123.s
   Uses
      At line 198 in file startup_TM4C123.s
      At line 805 in file startup_TM4C123.s

GPIOP2_Handler 000000C8

Symbol: GPIOP2_Handler
   Definitions
      At line 810 in file startup_TM4C123.s
   Uses
      At line 199 in file startup_TM4C123.s
      At line 811 in file startup_TM4C123.s

GPIOP3_Handler 000000CA

Symbol: GPIOP3_Handler
   Definitions
      At line 816 in file startup_TM4C123.s
   Uses
      At line 200 in file startup_TM4C123.s
      At line 817 in file startup_TM4C123.s

GPIOP4_Handler 000000CC

Symbol: GPIOP4_Handler
   Definitions
      At line 822 in file startup_TM4C123.s
   Uses
      At line 201 in file startup_TM4C123.s
      At line 823 in file startup_TM4C123.s

GPIOP5_Handler 000000CE

Symbol: GPIOP5_Handler
   Definitions
      At line 828 in file startup_TM4C123.s
   Uses
      At line 202 in file startup_TM4C123.s
      At line 829 in file startup_TM4C123.s

GPIOP6_Handler 000000D0

Symbol: GPIOP6_Handler
   Definitions
      At line 834 in file startup_TM4C123.s
   Uses
      At line 203 in file startup_TM4C123.s
      At line 835 in file startup_TM4C123.s

GPIOP7_Handler 000000D2

Symbol: GPIOP7_Handler
   Definitions



ARM Macro Assembler    Page 7 Alphabetic symbol ordering
Relocatable symbols

      At line 840 in file startup_TM4C123.s
   Uses
      At line 204 in file startup_TM4C123.s
      At line 841 in file startup_TM4C123.s

GPIOQ0_Handler 000000D4

Symbol: GPIOQ0_Handler
   Definitions
      At line 846 in file startup_TM4C123.s
   Uses
      At line 205 in file startup_TM4C123.s
      At line 847 in file startup_TM4C123.s

GPIOQ1_Handler 000000D6

Symbol: GPIOQ1_Handler
   Definitions
      At line 852 in file startup_TM4C123.s
   Uses
      At line 206 in file startup_TM4C123.s
      At line 853 in file startup_TM4C123.s

GPIOQ2_Handler 000000D8

Symbol: GPIOQ2_Handler
   Definitions
      At line 858 in file startup_TM4C123.s
   Uses
      At line 207 in file startup_TM4C123.s
      At line 859 in file startup_TM4C123.s

GPIOQ3_Handler 000000DA

Symbol: GPIOQ3_Handler
   Definitions
      At line 864 in file startup_TM4C123.s
   Uses
      At line 208 in file startup_TM4C123.s
      At line 865 in file startup_TM4C123.s

GPIOQ4_Handler 000000DC

Symbol: GPIOQ4_Handler
   Definitions
      At line 870 in file startup_TM4C123.s
   Uses
      At line 209 in file startup_TM4C123.s
      At line 871 in file startup_TM4C123.s

GPIOQ5_Handler 000000DE

Symbol: GPIOQ5_Handler
   Definitions
      At line 876 in file startup_TM4C123.s
   Uses
      At line 210 in file startup_TM4C123.s
      At line 877 in file startup_TM4C123.s




ARM Macro Assembler    Page 8 Alphabetic symbol ordering
Relocatable symbols

GPIOQ6_Handler 000000E0

Symbol: GPIOQ6_Handler
   Definitions
      At line 882 in file startup_TM4C123.s
   Uses
      At line 211 in file startup_TM4C123.s
      At line 883 in file startup_TM4C123.s

GPIOQ7_Handler 000000E2

Symbol: GPIOQ7_Handler
   Definitions
      At line 888 in file startup_TM4C123.s
   Uses
      At line 212 in file startup_TM4C123.s
      At line 889 in file startup_TM4C123.s

GPIOR_Handler 000000E4

Symbol: GPIOR_Handler
   Definitions
      At line 894 in file startup_TM4C123.s
   Uses
      At line 213 in file startup_TM4C123.s
      At line 895 in file startup_TM4C123.s

GPIOS_Handler 000000E6

Symbol: GPIOS_Handler
   Definitions
      At line 900 in file startup_TM4C123.s
   Uses
      At line 214 in file startup_TM4C123.s
      At line 901 in file startup_TM4C123.s

HIB_Handler 0000006E

Symbol: HIB_Handler
   Definitions
      At line 540 in file startup_TM4C123.s
   Uses
      At line 124 in file startup_TM4C123.s
      At line 541 in file startup_TM4C123.s

HardFault_Handler 0000000A

Symbol: HardFault_Handler
   Definitions
      At line 248 in file startup_TM4C123.s
   Uses
      At line 65 in file startup_TM4C123.s
      At line 249 in file startup_TM4C123.s

I2C0_Handler 0000002A

Symbol: I2C0_Handler
   Definitions
      At line 336 in file startup_TM4C123.s



ARM Macro Assembler    Page 9 Alphabetic symbol ordering
Relocatable symbols

   Uses
      At line 89 in file startup_TM4C123.s
      At line 337 in file startup_TM4C123.s

I2C1_Handler 00000064

Symbol: I2C1_Handler
   Definitions
      At line 510 in file startup_TM4C123.s
   Uses
      At line 118 in file startup_TM4C123.s
      At line 511 in file startup_TM4C123.s

I2C2_Handler 00000094

Symbol: I2C2_Handler
   Definitions
      At line 654 in file startup_TM4C123.s
   Uses
      At line 149 in file startup_TM4C123.s
      At line 655 in file startup_TM4C123.s

I2C3_Handler 00000096

Symbol: I2C3_Handler
   Definitions
      At line 660 in file startup_TM4C123.s
   Uses
      At line 150 in file startup_TM4C123.s
      At line 661 in file startup_TM4C123.s

I2C4_Handler 000000BA

Symbol: I2C4_Handler
   Definitions
      At line 768 in file startup_TM4C123.s
   Uses
      At line 190 in file startup_TM4C123.s
      At line 769 in file startup_TM4C123.s

I2C5_Handler 000000BC

Symbol: I2C5_Handler
   Definitions
      At line 774 in file startup_TM4C123.s
   Uses
      At line 191 in file startup_TM4C123.s
      At line 775 in file startup_TM4C123.s

MemManage_Handler 0000000C

Symbol: MemManage_Handler
   Definitions
      At line 253 in file startup_TM4C123.s
   Uses
      At line 66 in file startup_TM4C123.s
      At line 254 in file startup_TM4C123.s

NMI_Handler 00000008



ARM Macro Assembler    Page 10 Alphabetic symbol ordering
Relocatable symbols


Symbol: NMI_Handler
   Definitions
      At line 243 in file startup_TM4C123.s
   Uses
      At line 64 in file startup_TM4C123.s
      At line 244 in file startup_TM4C123.s

PMW0_FAULT_Handler 0000002C

Symbol: PMW0_FAULT_Handler
   Definitions
      At line 342 in file startup_TM4C123.s
   Uses
      At line 90 in file startup_TM4C123.s
      At line 343 in file startup_TM4C123.s

PMW1_0_Handler 000000E8

Symbol: PMW1_0_Handler
   Definitions
      At line 906 in file startup_TM4C123.s
   Uses
      At line 215 in file startup_TM4C123.s
      At line 907 in file startup_TM4C123.s

PWM0_0_Handler 0000002E

Symbol: PWM0_0_Handler
   Definitions
      At line 348 in file startup_TM4C123.s
   Uses
      At line 91 in file startup_TM4C123.s
      At line 349 in file startup_TM4C123.s

PWM0_1_Handler 00000030

Symbol: PWM0_1_Handler
   Definitions
      At line 354 in file startup_TM4C123.s
   Uses
      At line 92 in file startup_TM4C123.s
      At line 355 in file startup_TM4C123.s

PWM0_2_Handler 00000032

Symbol: PWM0_2_Handler
   Definitions
      At line 360 in file startup_TM4C123.s
   Uses
      At line 93 in file startup_TM4C123.s
      At line 361 in file startup_TM4C123.s

PWM0_3_Handler 00000072

Symbol: PWM0_3_Handler
   Definitions
      At line 552 in file startup_TM4C123.s
   Uses



ARM Macro Assembler    Page 11 Alphabetic symbol ordering
Relocatable symbols

      At line 126 in file startup_TM4C123.s
      At line 553 in file startup_TM4C123.s

PWM1_1_Handler 000000EA

Symbol: PWM1_1_Handler
   Definitions
      At line 912 in file startup_TM4C123.s
   Uses
      At line 216 in file startup_TM4C123.s
      At line 913 in file startup_TM4C123.s

PWM1_2_Handler 000000EC

Symbol: PWM1_2_Handler
   Definitions
      At line 918 in file startup_TM4C123.s
   Uses
      At line 217 in file startup_TM4C123.s
      At line 919 in file startup_TM4C123.s

PWM1_3_Handler 000000EE

Symbol: PWM1_3_Handler
   Definitions
      At line 924 in file startup_TM4C123.s
   Uses
      At line 218 in file startup_TM4C123.s
      At line 925 in file startup_TM4C123.s

PWM1_FAULT_Handler 000000F0

Symbol: PWM1_FAULT_Handler
   Definitions
      At line 930 in file startup_TM4C123.s
   Uses
      At line 219 in file startup_TM4C123.s
      At line 931 in file startup_TM4C123.s

PendSV_Handler 00000016

Symbol: PendSV_Handler
   Definitions
      At line 277 in file startup_TM4C123.s
   Uses
      At line 76 in file startup_TM4C123.s
      At line 278 in file startup_TM4C123.s

QEI0_Handler 00000034

Symbol: QEI0_Handler
   Definitions
      At line 366 in file startup_TM4C123.s
   Uses
      At line 94 in file startup_TM4C123.s
      At line 367 in file startup_TM4C123.s

QEI1_Handler 00000066




ARM Macro Assembler    Page 12 Alphabetic symbol ordering
Relocatable symbols

Symbol: QEI1_Handler
   Definitions
      At line 516 in file startup_TM4C123.s
   Uses
      At line 119 in file startup_TM4C123.s
      At line 517 in file startup_TM4C123.s

QEI2_Handler 000000C2

Symbol: QEI2_Handler
   Definitions
      At line 792 in file startup_TM4C123.s
   Uses
      At line 194 in file startup_TM4C123.s
      At line 793 in file startup_TM4C123.s

Reset_Handler 00000000

Symbol: Reset_Handler
   Definitions
      At line 230 in file startup_TM4C123.s
   Uses
      At line 63 in file startup_TM4C123.s
      At line 231 in file startup_TM4C123.s

SSI0_Handler 00000028

Symbol: SSI0_Handler
   Definitions
      At line 330 in file startup_TM4C123.s
   Uses
      At line 88 in file startup_TM4C123.s
      At line 331 in file startup_TM4C123.s

SSI1_Handler 0000005E

Symbol: SSI1_Handler
   Definitions
      At line 492 in file startup_TM4C123.s
   Uses
      At line 115 in file startup_TM4C123.s
      At line 493 in file startup_TM4C123.s

SSI2_Handler 00000086

Symbol: SSI2_Handler
   Definitions
      At line 612 in file startup_TM4C123.s
   Uses
      At line 138 in file startup_TM4C123.s
      At line 613 in file startup_TM4C123.s

SSI3_Handler 00000088

Symbol: SSI3_Handler
   Definitions
      At line 618 in file startup_TM4C123.s
   Uses
      At line 139 in file startup_TM4C123.s



ARM Macro Assembler    Page 13 Alphabetic symbol ordering
Relocatable symbols

      At line 619 in file startup_TM4C123.s

SVC_Handler 00000012

Symbol: SVC_Handler
   Definitions
      At line 267 in file startup_TM4C123.s
   Uses
      At line 73 in file startup_TM4C123.s
      At line 268 in file startup_TM4C123.s

SYSCTL_Handler 00000052

Symbol: SYSCTL_Handler
   Definitions
      At line 456 in file startup_TM4C123.s
   Uses
      At line 109 in file startup_TM4C123.s
      At line 457 in file startup_TM4C123.s

SysTick_Handler 00000018

Symbol: SysTick_Handler
   Definitions
      At line 282 in file startup_TM4C123.s
   Uses
      At line 77 in file startup_TM4C123.s
      At line 283 in file startup_TM4C123.s

TIMER0A_Handler 00000040

Symbol: TIMER0A_Handler
   Definitions
      At line 402 in file startup_TM4C123.s
   Uses
      At line 100 in file startup_TM4C123.s
      At line 403 in file startup_TM4C123.s

TIMER0B_Handler 00000042

Symbol: TIMER0B_Handler
   Definitions
      At line 408 in file startup_TM4C123.s
   Uses
      At line 101 in file startup_TM4C123.s
      At line 409 in file startup_TM4C123.s

TIMER1A_Handler 00000044

Symbol: TIMER1A_Handler
   Definitions
      At line 414 in file startup_TM4C123.s
   Uses
      At line 102 in file startup_TM4C123.s
      At line 415 in file startup_TM4C123.s

TIMER1B_Handler 00000046

Symbol: TIMER1B_Handler



ARM Macro Assembler    Page 14 Alphabetic symbol ordering
Relocatable symbols

   Definitions
      At line 420 in file startup_TM4C123.s
   Uses
      At line 103 in file startup_TM4C123.s
      At line 421 in file startup_TM4C123.s

TIMER2A_Handler 00000048

Symbol: TIMER2A_Handler
   Definitions
      At line 426 in file startup_TM4C123.s
   Uses
      At line 104 in file startup_TM4C123.s
      At line 427 in file startup_TM4C123.s

TIMER2B_Handler 0000004A

Symbol: TIMER2B_Handler
   Definitions
      At line 432 in file startup_TM4C123.s
   Uses
      At line 105 in file startup_TM4C123.s
      At line 433 in file startup_TM4C123.s

TIMER3A_Handler 00000060

Symbol: TIMER3A_Handler
   Definitions
      At line 498 in file startup_TM4C123.s
   Uses
      At line 116 in file startup_TM4C123.s
      At line 499 in file startup_TM4C123.s

TIMER3B_Handler 00000062

Symbol: TIMER3B_Handler
   Definitions
      At line 504 in file startup_TM4C123.s
   Uses
      At line 117 in file startup_TM4C123.s
      At line 505 in file startup_TM4C123.s

TIMER4A_Handler 00000098

Symbol: TIMER4A_Handler
   Definitions
      At line 666 in file startup_TM4C123.s
   Uses
      At line 151 in file startup_TM4C123.s
      At line 667 in file startup_TM4C123.s

TIMER4B_Handler 0000009A

Symbol: TIMER4B_Handler
   Definitions
      At line 672 in file startup_TM4C123.s
   Uses
      At line 152 in file startup_TM4C123.s
      At line 673 in file startup_TM4C123.s



ARM Macro Assembler    Page 15 Alphabetic symbol ordering
Relocatable symbols


TIMER5A_Handler 0000009C

Symbol: TIMER5A_Handler
   Definitions
      At line 678 in file startup_TM4C123.s
   Uses
      At line 173 in file startup_TM4C123.s
      At line 679 in file startup_TM4C123.s

TIMER5B_Handler 0000009E

Symbol: TIMER5B_Handler
   Definitions
      At line 684 in file startup_TM4C123.s
   Uses
      At line 174 in file startup_TM4C123.s
      At line 685 in file startup_TM4C123.s

UART0_Handler 00000024

Symbol: UART0_Handler
   Definitions
      At line 318 in file startup_TM4C123.s
   Uses
      At line 86 in file startup_TM4C123.s
      At line 319 in file startup_TM4C123.s

UART1_Handler 00000026

Symbol: UART1_Handler
   Definitions
      At line 324 in file startup_TM4C123.s
   Uses
      At line 87 in file startup_TM4C123.s
      At line 325 in file startup_TM4C123.s

UART2_Handler 0000005C

Symbol: UART2_Handler
   Definitions
      At line 486 in file startup_TM4C123.s
   Uses
      At line 114 in file startup_TM4C123.s
      At line 487 in file startup_TM4C123.s

UART3_Handler 0000008A

Symbol: UART3_Handler
   Definitions
      At line 624 in file startup_TM4C123.s
   Uses
      At line 140 in file startup_TM4C123.s
      At line 625 in file startup_TM4C123.s

UART4_Handler 0000008C

Symbol: UART4_Handler
   Definitions



ARM Macro Assembler    Page 16 Alphabetic symbol ordering
Relocatable symbols

      At line 630 in file startup_TM4C123.s
   Uses
      At line 141 in file startup_TM4C123.s
      At line 631 in file startup_TM4C123.s

UART5_Handler 0000008E

Symbol: UART5_Handler
   Definitions
      At line 636 in file startup_TM4C123.s
   Uses
      At line 142 in file startup_TM4C123.s
      At line 637 in file startup_TM4C123.s

UART6_Handler 00000090

Symbol: UART6_Handler
   Definitions
      At line 642 in file startup_TM4C123.s
   Uses
      At line 143 in file startup_TM4C123.s
      At line 643 in file startup_TM4C123.s

UART7_Handler 00000092

Symbol: UART7_Handler
   Definitions
      At line 648 in file startup_TM4C123.s
   Uses
      At line 144 in file startup_TM4C123.s
      At line 649 in file startup_TM4C123.s

UDMAERR_Handler 00000076

Symbol: UDMAERR_Handler
   Definitions
      At line 564 in file startup_TM4C123.s
   Uses
      At line 128 in file startup_TM4C123.s
      At line 565 in file startup_TM4C123.s

UDMA_Handler 00000074

Symbol: UDMA_Handler
   Definitions
      At line 558 in file startup_TM4C123.s
   Uses
      At line 127 in file startup_TM4C123.s
      At line 559 in file startup_TM4C123.s

USB0_Handler 00000070

Symbol: USB0_Handler
   Definitions
      At line 546 in file startup_TM4C123.s
   Uses
      At line 125 in file startup_TM4C123.s
      At line 547 in file startup_TM4C123.s




ARM Macro Assembler    Page 17 Alphabetic symbol ordering
Relocatable symbols

UsageFault_Handler 00000010

Symbol: UsageFault_Handler
   Definitions
      At line 263 in file startup_TM4C123.s
   Uses
      At line 68 in file startup_TM4C123.s
      At line 264 in file startup_TM4C123.s

WDT0_Handler 0000003E

Symbol: WDT0_Handler
   Definitions
      At line 396 in file startup_TM4C123.s
   Uses
      At line 99 in file startup_TM4C123.s
      At line 397 in file startup_TM4C123.s

WTIMER0A_Handler 000000A0

Symbol: WTIMER0A_Handler
   Definitions
      At line 690 in file startup_TM4C123.s
   Uses
      At line 175 in file startup_TM4C123.s
      At line 691 in file startup_TM4C123.s

WTIMER0B_Handler 000000A2

Symbol: WTIMER0B_Handler
   Definitions
      At line 696 in file startup_TM4C123.s
   Uses
      At line 176 in file startup_TM4C123.s
      At line 697 in file startup_TM4C123.s

WTIMER1A_Handler 000000A4

Symbol: WTIMER1A_Handler
   Definitions
      At line 702 in file startup_TM4C123.s
   Uses
      At line 177 in file startup_TM4C123.s
      At line 703 in file startup_TM4C123.s

WTIMER1B_Handler 000000A6

Symbol: WTIMER1B_Handler
   Definitions
      At line 708 in file startup_TM4C123.s
   Uses
      At line 178 in file startup_TM4C123.s
      At line 709 in file startup_TM4C123.s

WTIMER2A_Handler 000000A8

Symbol: WTIMER2A_Handler
   Definitions
      At line 714 in file startup_TM4C123.s



ARM Macro Assembler    Page 18 Alphabetic symbol ordering
Relocatable symbols

   Uses
      At line 179 in file startup_TM4C123.s
      At line 715 in file startup_TM4C123.s

WTIMER2B_Handler 000000AA

Symbol: WTIMER2B_Handler
   Definitions
      At line 720 in file startup_TM4C123.s
   Uses
      At line 180 in file startup_TM4C123.s
      At line 721 in file startup_TM4C123.s

WTIMER3A_Handler 000000AC

Symbol: WTIMER3A_Handler
   Definitions
      At line 726 in file startup_TM4C123.s
   Uses
      At line 181 in file startup_TM4C123.s
      At line 727 in file startup_TM4C123.s

WTIMER3B_Handler 000000AE

Symbol: WTIMER3B_Handler
   Definitions
      At line 732 in file startup_TM4C123.s
   Uses
      At line 182 in file startup_TM4C123.s
      At line 733 in file startup_TM4C123.s

WTIMER4A_Handler 000000B0

Symbol: WTIMER4A_Handler
   Definitions
      At line 738 in file startup_TM4C123.s
   Uses
      At line 183 in file startup_TM4C123.s
      At line 739 in file startup_TM4C123.s

WTIMER4B_Handler 000000B2

Symbol: WTIMER4B_Handler
   Definitions
      At line 744 in file startup_TM4C123.s
   Uses
      At line 184 in file startup_TM4C123.s
      At line 745 in file startup_TM4C123.s

WTIMER5A_Handler 000000B4

Symbol: WTIMER5A_Handler
   Definitions
      At line 750 in file startup_TM4C123.s
   Uses
      At line 185 in file startup_TM4C123.s
      At line 751 in file startup_TM4C123.s

WTIMER5B_Handler 000000B6



ARM Macro Assembler    Page 19 Alphabetic symbol ordering
Relocatable symbols


Symbol: WTIMER5B_Handler
   Definitions
      At line 756 in file startup_TM4C123.s
   Uses
      At line 186 in file startup_TM4C123.s
      At line 757 in file startup_TM4C123.s

__user_initial_stackheap 000000F4

Symbol: __user_initial_stackheap
   Definitions
      At line 950 in file startup_TM4C123.s
   Uses
      At line 949 in file startup_TM4C123.s
Comment: __user_initial_stackheap used once
120 symbols



ARM Macro Assembler    Page 1 Alphabetic symbol ordering
Absolute symbols

Heap_Size 00000000

Symbol: Heap_Size
   Definitions
      At line 43 in file startup_TM4C123.s
   Uses
      At line 47 in file startup_TM4C123.s
      At line 954 in file startup_TM4C123.s

Stack_Size 00000200

Symbol: Stack_Size
   Definitions
      At line 32 in file startup_TM4C123.s
   Uses
      At line 35 in file startup_TM4C123.s
      At line 953 in file startup_TM4C123.s

__Vectors_Size 0000026C

Symbol: __Vectors_Size
   Definitions
      At line 223 in file startup_TM4C123.s
   Uses
      At line 60 in file startup_TM4C123.s
Comment: __Vectors_Size used once
3 symbols



ARM Macro Assembler    Page 1 Alphabetic symbol ordering
External symbols

SystemInit 00000000

Symbol: SystemInit
   Definitions
      At line 232 in file startup_TM4C123.s
   Uses
      At line 234 in file startup_TM4C123.s
Comment: SystemInit used once
__main 00000000

Symbol: __main
   Definitions
      At line 233 in file startup_TM4C123.s
   Uses
      At line 236 in file startup_TM4C123.s
Comment: __main used once
__use_two_region_memory 00000000

Symbol: __use_two_region_memory
   Definitions
      At line 948 in file startup_TM4C123.s
   Uses
      None
Comment: __use_two_region_memory unused
3 symbols
472 symbols in table
